<?xml version="1.0" encoding="UTF-8"?>
<!-- Generated by org.testng.reporters.JUnitReportReporter -->
<testsuite hostname="Anik" failures="0" tests="1" name="misc.LinearScripting" time="9.224" errors="0" timestamp="2023-05-04T16:31:12 CDT" skipped="0">
  <testcase classname="misc.LinearScripting" name="test_OrderNow_Button" time="9.224"/>
  <system-out/>
</testsuite> <!-- misc.LinearScripting -->
