<?xml version="1.0" encoding="UTF-8"?>
<!-- Generated by org.testng.reporters.JUnitReportReporter -->
<testsuite hostname="Anik" failures="0" tests="1" name="misc.UnitTest" time="0.011" errors="0" timestamp="2023-05-09T10:37:44 CDT" skipped="0">
  <testcase classname="misc.UnitTest" name="configNumTest" time="0.011"/>
  <system-out/>
</testsuite> <!-- misc.UnitTest -->
