<?xml version="1.0" encoding="UTF-8"?>
<!-- Generated by org.testng.reporters.JUnitReportReporter -->
<testsuite hostname="Anik" failures="0" tests="1" name="auto.AutoTest" time="111.132" errors="0" timestamp="2023-05-17T10:05:20 CDT" skipped="0">
  <testcase classname="auto.AutoTest" name="selectMenuBtnTest" time="111.132"/>
  <system-out>
    <![CDATA[Proxy element for: DefaultElementLocator 'By.xpath: //a[@class="menu-trigger"]'<<<<<<<Has been clicked>>>>>>>><br
[[ChromeDriver: chrome on WINDOWS (0b2f4673301ac0d9240b36cdbb83ffcc)] -> xpath: //span[text()='Prescriptions']]<<<<<<<Has been clicked>>>>>>>><br
Proxy element for: DefaultElementLocator 'By.xpath: //a[@id="records"]'<<<<<<<Has been clicked>>>>>>>><br
[[ChromeDriver: chrome on WINDOWS (0b2f4673301ac0d9240b36cdbb83ffcc)] -> xpath: //input[@id="user_name"]]<<<<<value inserted:tdd@gmail.com<br
[[ChromeDriver: chrome on WINDOWS (0b2f4673301ac0d9240b36cdbb83ffcc)] -> xpath: //input[@name="password"]]<<<<<value inserted:12345<br
[[ChromeDriver: chrome on WINDOWS (0b2f4673301ac0d9240b36cdbb83ffcc)] -> xpath: //input[@id="ShowCharacter"]]<<<<<<<Has been clicked>>>>>>>><br
Proxy element for: DefaultElementLocator 'By.xpath: //button[@id="create_btn"]'<<<<<<<Has been clicked>>>>>>>><br
[[ChromeDriver: chrome on WINDOWS (0b2f4673301ac0d9240b36cdbb83ffcc)] -> xpath: //h1[text()='Create your account']]<<<<<innerText: Create your account<br
[[ChromeDriver: chrome on WINDOWS (0b2f4673301ac0d9240b36cdbb83ffcc)] -> id: wag-RXUser-firstname]<<<<<value inserted:Claudia<br
[[ChromeDriver: chrome on WINDOWS (0b2f4673301ac0d9240b36cdbb83ffcc)] -> name: lastName]<<<<<value inserted:Claudia<br
[[ChromeDriver: chrome on WINDOWS (0b2f4673301ac0d9240b36cdbb83ffcc)] -> id: wag-RXUser-DOB]<<<<<value inserted:Claudia<br
[[ChromeDriver: chrome on WINDOWS (0b2f4673301ac0d9240b36cdbb83ffcc)] -> id: wag-RXUser-firstname]<<<<<value inserted:Suarez<br
[[ChromeDriver: chrome on WINDOWS (0b2f4673301ac0d9240b36cdbb83ffcc)] -> name: lastName]<<<<<value inserted:Suarez<br
[[ChromeDriver: chrome on WINDOWS (0b2f4673301ac0d9240b36cdbb83ffcc)] -> id: wag-RXUser-DOB]<<<<<value inserted:Suarez<br
[[ChromeDriver: chrome on WINDOWS (0b2f4673301ac0d9240b36cdbb83ffcc)] -> id: wag-RXUser-firstname]<<<<<value inserted:07.10.1998<br
[[ChromeDriver: chrome on WINDOWS (0b2f4673301ac0d9240b36cdbb83ffcc)] -> name: lastName]<<<<<value inserted:07.10.1998<br
[[ChromeDriver: chrome on WINDOWS (0b2f4673301ac0d9240b36cdbb83ffcc)] -> id: wag-RXUser-DOB]<<<<<value inserted:07.10.1998<br
[[ChromeDriver: chrome on WINDOWS (0b2f4673301ac0d9240b36cdbb83ffcc)] -> id: wag-phonetype-select]<<<<<selected:Home<br]]>
  </system-out>
</testsuite> <!-- auto.AutoTest -->
