<?xml version="1.0" encoding="UTF-8"?>
<!-- Generated by org.testng.reporters.JUnitReportReporter -->
<testsuite hostname="Anik" failures="0" tests="1" name="auto.ParameterizedTest" time="111.338" errors="0" timestamp="2023-05-12T23:50:21 CDT" skipped="0">
  <testcase classname="auto.ParameterizedTest" name="parameterizedMethod" time="111.338"/>
  <system-out/>
</testsuite> <!-- auto.ParameterizedTest -->
