<?xml version="1.0" encoding="UTF-8"?>
<!-- Generated by org.testng.reporters.JUnitReportReporter -->
<testsuite hostname="Anik" failures="0" tests="1" name="misc.LinearScripting" time="8.347" errors="0" timestamp="2023-05-07T22:31:51 CDT" skipped="0">
  <testcase classname="misc.LinearScripting" name="testWalgreensHomePage" time="8.347"/>
  <system-out/>
</testsuite> <!-- misc.LinearScripting -->
