<?xml version="1.0" encoding="UTF-8"?>
<!-- Generated by org.testng.reporters.JUnitReportReporter -->
<testsuite hostname="Anik" failures="0" tests="1" name="auto.AutoTest" time="38.610" errors="0" timestamp="2023-05-19T11:02:20 CDT" skipped="0">
  <testcase classname="auto.AutoTest" name="clickFind_Care_Btn_Test" time="38.610"/>
  <system-out>
    <![CDATA[Proxy element for: DefaultElementLocator 'By.xpath: //a[@class="menu-trigger"]'<<<<<<<Has been clicked>>>>>>>><br
[[ChromeDriver: chrome on WINDOWS (5ef6970372b09cf029cd109f44ec1c61)] -> xpath: //span[text()='Find Care']]<<<<<<<Has been clicked>>>>>>>><br
[[ChromeDriver: chrome on WINDOWS (5ef6970372b09cf029cd109f44ec1c61)] -> xpath: //a[text()='Medicare']]<<<<<<<Has been clicked>>>>>>>><br
[[ChromeDriver: chrome on WINDOWS (5ef6970372b09cf029cd109f44ec1c61)] -> xpath: //span[text()='Get started']]<<<<<<<Has been clicked>>>>>>>><br]]>
  </system-out>
</testsuite> <!-- auto.AutoTest -->
